n/-88.jpg
n/-336.jpg
n/-261.jpg
n/car-Car-4-737-2.jpg
n/bus-Car-4-56-4.jpg
n/cng-Car-5-30-4.jpg
n/car-Car-2-103-0.jpg
n/cng-Car-4-56-0.jpg
n/bus-Car-4-71-2.jpg
n/car-Car-8-334-1.jpg
n/truck-Car-4-157-1.jpg
n/car-Car-8-72-2.jpg
n/car-Car-4-425-0.jpg
n/bike-Car-5-78-4.jpg
n/micro-Car-4-885-2.jpg
n/bike-Car-7-119-2.jpg
n/bike-Car-5-30-0.jpg
n/cng-Car-8-51-1.jpg
n/bike-Car-5-4-2.jpg
n/car-Car-2-0-0.jpg
n/truck-Car-3-128-0.jpg
n/car-Car-4-801-0.jpg
n/car-Car-8-179-0.jpg
n/cng-Car-5-19-2.jpg
n/micro-Car-7-158-0.jpg
n/cng-Car-4-157-0.jpg
n/car-Car-3-38-0.jpg
n/car-Car-1-0-2.jpg
n/bike-Car-7-52-1.jpg
n/car-Car-4-387-2.jpg
n/car-Car-4-727-0.jpg
n/micro-Car-3-270-0.jpg
n/truck-Car-4-168-1.jpg
n/car-Car-7-0-0.jpg
n/car-Car-6-0-2.jpg
n/car-Car-4-728-2.jpg
n/car-Car-8-140-0.jpg
n/car-Car-3-81-0.jpg
n/car-Car-4-594-0.jpg
n/car-Car-7-100-0.jpg
n/car-Car-4-885-0.jpg
n/car-Car-3-199-4.jpg
n/micro-Car-3-238-0.jpg
n/car-Car-8-96-0.jpg
n/car-Car-3-0-1.jpg
n/truck-Car-4-728-0.jpg
n/car-Car-1-14-1.jpg
n/car-Car-1-87-1.jpg
n/bus-Car-8-334-0.jpg
n/bus-Car-4-112-1.jpg
n/car-Car-2-25-0.jpg
n/car-Car-4-24-0.jpg
n/bike-Car-7-100-1.jpg
n/car-Car-4-251-0.jpg
n/micro-Car-4-223-0.jpg
n/car-Car-3-8-0.jpg
n/bike-Car-5-114-0.jpg
n/cng-Car-1-87-0.jpg
n/car-Car-5-114-2.jpg
n/car-Car-7-52-0.jpg
n/car-Car-7-367-0.jpg
n/bike-Car-5-19-0.jpg
n/car-Car-7-312-0.jpg
n/truck-Car-5-78-2.jpg
n/truck-Car-4-830-0.jpg
n/car-Car-3-8-1.jpg
n/truck-Car-4-857-2.jpg
n/car-Car-4-682-0.jpg
n/car-Car-7-0-1.jpg
n/car-Car-8-150-0.jpg
n/cng-Car-4-499-0.jpg
n/truck-Car-4-325-0.jpg
n/car-Car-7-119-0.jpg
n/car-Car-4-24-1.jpg
n/cng-Car-4-708-0.jpg
n/micro-Car-3-199-0.jpg
n/cng-Car-5-10-0.jpg
n/car-Car-7-214-0.jpg
n/car-Car-4-853-0.jpg
n/truck-Car-3-153-0.jpg
n/truck-Car-5-78-0.jpg
n/cng-Car-1-0-4.jpg
n/cng-Car-4-71-0.jpg
n/cng-Car-1-14-0.jpg
n/car-Car-4-797-0.jpg
n/micro-Car-4-387-0.jpg
n/bus-Car-8-352-0.jpg
n/cng-Car-8-72-0.jpg
n/micro-Car-4-228-0.jpg
n/car-Car-4-737-0.jpg
n/truck-Car-4-330-0.jpg
n/car-Car-4-30-0.jpg
n/car-Car-4-738-0.jpg
n/car-Car-4-396-0.jpg
n/bus-Car-4-157-2.jpg
n/cng-Car-4-168-0.jpg
n/car-Car-4-857-0.jpg
n/cng-Car-5-4-0.jpg
n/car-Car-4-442-0.jpg
n/truck-Car-5-43-0.jpg
n/bus-Car-4-522-0.jpg
n/truck-Car-4-838-0.jpg
n/car-Car-4-762-0.jpg
n/car-Car-6-0-0.jpg
n/truck-Car-5-30-2.jpg
n/1570296701583.jpg
n/micro-Car-3-238-1.jpg
n/car-Car-4-708-2.jpg
n/car-Car-3-81-1.jpg
n/car-Car-4-738-2.jpg
n/bus-Car-3-38-3.jpg
n/bike-Car-4-100-0.jpg
n/truck-Car-4-325-1.jpg
n/bike-Car-4-468-0.jpg
n/bike-Car-4-885-4.jpg
n/bike-Car-8-32-0.jpg
n/bike-Car-4-566-0.jpg
n/bike-Car-3-153-1.jpg
n/bike-Car-4-112-0.jpg
n/bike-Car-8-51-0.jpg
n/cng-Car-3-0-4.jpg
n/car-Car-2-25-1.jpg
n/car-Car-1-0-3.jpg
n/car-Car-4-643-0.jpg
n/car-Car-2-103-2.jpg
n/car-Car-3-128-1.jpg
n/IMG_20191006_095052.jpg
n/bg6.jpg
n/bg7.jpg
n/bg8.jpg
n/bg5.jpg
n/bg4.jpg
n/bg2.jpg
n/bg1.jpg
n/v1_0435.jpg
n/v1_0434.jpg
n/v1_0433.jpg
n/v1_0432.jpg
n/v1_0431.jpg
n/v1_0430.jpg
n/v1_0429.jpg
n/v1_0428.jpg
n/v1_0427.jpg
n/v1_0426.jpg
n/v1_0425.jpg
n/v1_0423.jpg
n/v1_0424.jpg
n/v1_0422.jpg
n/v1_0421.jpg
n/v1_0420.jpg
n/v1_0419.jpg
n/v1_0418.jpg
n/v1_0417.jpg
n/v1_0416.jpg
n/v1_0415.jpg
n/v1_0414.jpg
n/v1_0413.jpg
n/v1_0412.jpg
n/v1_0411.jpg
n/v1_0410.jpg
n/v1_0409.jpg
n/v1_0408.jpg
n/v1_0407.jpg
n/v1_0406.jpg
n/v1_0405.jpg
n/v1_0404.jpg
n/v1_0403.jpg
n/v1_0402.jpg
n/v1_0401.jpg
n/v1_0400.jpg
n/v1_0399.jpg
n/v1_0398.jpg
n/v1_0397.jpg
n/v1_0396.jpg
n/v1_0395.jpg
n/v1_0394.jpg
n/v1_0393.jpg
n/v1_0392.jpg
n/v1_0391.jpg
n/v1_0390.jpg
n/v1_0389.jpg
n/v1_0388.jpg
n/v1_0387.jpg
n/v1_0385.jpg
n/v1_0386.jpg
n/v1_0383.jpg
n/v1_0384.jpg
n/v1_0382.jpg
n/v1_0381.jpg
n/v1_0379.jpg
n/v1_0380.jpg
n/v1_0377.jpg
n/v1_0378.jpg
n/v1_0376.jpg
n/v1_0375.jpg
n/v1_0374.jpg
n/v1_0373.jpg
n/v1_0372.jpg
n/v1_0371.jpg
n/v1_0370.jpg
n/v1_0369.jpg
n/v1_0368.jpg
n/v1_0367.jpg
n/v1_0366.jpg
n/v1_0365.jpg
n/v1_0364.jpg
n/v1_0363.jpg
n/v1_0362.jpg
n/v1_0361.jpg
n/v1_0360.jpg
n/v1_0359.jpg
n/v1_0358.jpg
n/v1_0357.jpg
n/v1_0356.jpg
n/v1_0355.jpg
n/v1_0354.jpg
n/v1_0353.jpg
n/v1_0352.jpg
n/v1_0351.jpg
n/v1_0350.jpg
n/v1_0349.jpg
n/v1_0348.jpg
n/v1_0347.jpg
n/v1_0346.jpg
n/v1_0345.jpg
n/v1_0344.jpg
n/v1_0342.jpg
n/v1_0343.jpg
n/v1_0341.jpg
n/v1_0339.jpg
n/v1_0340.jpg
n/v1_0337.jpg
n/v1_0338.jpg
n/v1_0335.jpg
n/v1_0336.jpg
n/v1_0333.jpg
n/v1_0334.jpg
n/v1_0332.jpg
n/v1_0330.jpg
n/v1_0331.jpg
n/v1_0329.jpg
n/v1_0327.jpg
n/v1_0328.jpg
n/v1_0326.jpg
n/v1_0325.jpg
n/v1_0323.jpg
n/v1_0324.jpg
n/v1_0321.jpg
n/v1_0322.jpg
n/v1_0319.jpg
n/v1_0320.jpg
n/v1_0318.jpg
n/v1_0317.jpg
n/v1_0316.jpg
n/v1_0315.jpg
n/v1_0313.jpg
n/v1_0314.jpg
n/v1_0312.jpg
n/v1_0310.jpg
n/v1_0311.jpg
n/v1_0309.jpg
n/v1_0307.jpg
n/v1_0308.jpg
n/v1_0305.jpg
n/v1_0306.jpg
n/v1_0303.jpg
n/v1_0304.jpg
n/v1_0301.jpg
n/v1_0302.jpg
n/v1_0300.jpg
n/v1_0298.jpg
n/v1_0299.jpg
n/v1_0297.jpg
n/v1_0295.jpg
n/v1_0296.jpg
n/v1_0293.jpg
n/v1_0294.jpg
n/v1_0292.jpg
n/v1_0291.jpg
n/v1_0289.jpg
n/v1_0290.jpg
n/v1_0288.jpg
n/v1_0286.jpg
n/v1_0287.jpg
n/v1_0285.jpg
n/v1_0284.jpg
n/v1_0282.jpg
n/v1_0283.jpg
n/v1_0280.jpg
n/v1_0281.jpg
n/v1_0279.jpg
n/v1_0278.jpg
n/v1_0277.jpg
n/v1_0276.jpg
n/v1_0274.jpg
n/v1_0275.jpg
n/v1_0273.jpg
n/v1_0272.jpg
n/v1_0270.jpg
n/v1_0271.jpg
n/v1_0269.jpg
n/v1_0267.jpg
n/v1_0268.jpg
n/v1_0266.jpg
n/v1_0265.jpg
n/v1_0264.jpg
n/v1_0262.jpg
n/v1_0263.jpg
n/v1_0261.jpg
n/v1_0259.jpg
n/v1_0260.jpg
n/v1_0257.jpg
n/v1_0258.jpg
n/v1_0256.jpg
n/v1_0253.jpg
n/v1_0254.jpg
n/v1_0255.jpg
n/v1_0252.jpg
n/v1_0250.jpg
n/v1_0251.jpg
n/v1_0249.jpg
n/v1_0248.jpg
n/v1_0247.jpg
n/v1_0245.jpg
n/v1_0246.jpg
n/v1_0244.jpg
n/v1_0242.jpg
n/v1_0243.jpg
n/v1_0241.jpg
n/v1_0240.jpg
n/v1_0238.jpg
n/v1_0239.jpg
n/v1_0237.jpg
n/v1_0235.jpg
n/v1_0236.jpg
n/v1_0234.jpg
n/v1_0233.jpg
n/v1_0231.jpg
n/v1_0232.jpg
n/v1_0229.jpg
n/v1_0230.jpg
n/v1_0228.jpg
n/v1_0227.jpg
n/v1_0225.jpg
n/v1_0226.jpg
n/v1_0223.jpg
n/v1_0224.jpg
n/v1_0222.jpg
n/v1_0221.jpg
n/v1_0219.jpg
n/v1_0220.jpg
n/v1_0218.jpg
n/v1_0217.jpg
n/v1_0216.jpg
n/v1_0214.jpg
n/v1_0215.jpg
n/v1_0213.jpg
n/v1_0212.jpg
n/v1_0211.jpg
n/v1_0210.jpg
n/v1_0208.jpg
n/v1_0209.jpg
n/v1_0207.jpg
n/v1_0206.jpg
n/v1_0205.jpg
n/v1_0204.jpg
n/v1_0202.jpg
n/v1_0203.jpg
n/v1_0201.jpg
n/v1_0200.jpg
n/v1_0198.jpg
n/v1_0199.jpg
n/v1_0197.jpg
n/v1_0196.jpg
n/v1_0195.jpg
n/v1_0193.jpg
n/v1_0194.jpg
n/v1_0191.jpg
n/v1_0192.jpg
n/v1_0190.jpg
n/v1_0189.jpg
n/v1_0188.jpg
n/v1_0187.jpg
n/v1_0186.jpg
n/v1_0185.jpg
n/v1_0184.jpg
n/v1_0183.jpg
n/v1_0181.jpg
n/v1_0182.jpg
n/v1_0180.jpg
n/v1_0178.jpg
n/v1_0179.jpg
n/v1_0177.jpg
n/v1_0176.jpg
n/v1_0175.jpg
n/v1_0173.jpg
n/v1_0174.jpg
n/v1_0171.jpg
n/v1_0172.jpg
n/v1_0170.jpg
n/v1_0169.jpg
n/v1_0168.jpg
n/v1_0166.jpg
n/v1_0167.jpg
n/v1_0165.jpg
n/v1_0164.jpg
n/v1_0163.jpg
n/v1_0162.jpg
n/v1_0161.jpg
n/v1_0159.jpg
n/v1_0160.jpg
n/v1_0158.jpg
n/v1_0157.jpg
n/v1_0156.jpg
n/v1_0155.jpg
n/v1_0154.jpg
n/v1_0153.jpg
n/v1_0152.jpg
n/v1_0151.jpg
n/v1_0150.jpg
n/v1_0149.jpg
n/v1_0148.jpg
n/v1_0147.jpg
n/v1_0146.jpg
n/v1_0145.jpg
n/v1_0144.jpg
n/v1_0143.jpg
n/v1_0141.jpg
n/v1_0142.jpg
n/v1_0140.jpg
n/v1_0139.jpg
n/v1_0138.jpg
n/v1_0137.jpg
n/v1_0135.jpg
n/v1_0136.jpg
n/v1_0134.jpg
n/v1_0133.jpg
n/v1_0132.jpg
n/v1_0131.jpg
n/v1_0130.jpg
n/v1_0128.jpg
n/v1_0129.jpg
n/v1_0126.jpg
n/v1_0127.jpg
n/v1_0125.jpg
n/v1_0123.jpg
n/v1_0124.jpg
n/v1_0122.jpg
n/v1_0120.jpg
n/v1_0121.jpg
n/v1_0119.jpg
n/v1_0118.jpg
n/v1_0116.jpg
n/v1_0117.jpg
n/v1_0115.jpg
n/v1_0113.jpg
n/v1_0114.jpg
n/v1_0111.jpg
n/v1_0112.jpg
n/v1_0110.jpg
n/v1_0108.jpg
n/v1_0109.jpg
n/v1_0107.jpg
n/v1_0105.jpg
n/v1_0106.jpg
n/v1_0104.jpg
n/v1_0103.jpg
n/v1_0102.jpg
n/v1_0101.jpg
n/v1_0100.jpg
n/v1_0099.jpg
n/v1_0098.jpg
n/v1_0097.jpg
n/v1_0096.jpg
n/v1_0095.jpg
n/v1_0094.jpg
n/v1_0093.jpg
n/v1_0091.jpg
n/v1_0092.jpg
n/v1_0090.jpg
n/v1_0088.jpg
n/v1_0089.jpg
n/v1_0087.jpg
n/v1_0086.jpg
n/v1_0085.jpg
n/v1_0083.jpg
n/v1_0084.jpg
n/v1_0082.jpg
n/v1_0081.jpg
n/v1_0080.jpg
n/v1_0079.jpg
n/v1_0078.jpg
n/v1_0077.jpg
n/v1_0076.jpg
n/v1_0075.jpg
n/v1_0074.jpg
n/v1_0073.jpg
n/v1_0072.jpg
n/v1_0071.jpg
n/v1_0070.jpg
n/v1_0069.jpg
n/v1_0068.jpg
n/v1_0067.jpg
n/v1_0065.jpg
n/v1_0066.jpg
n/v1_0064.jpg
n/v1_0063.jpg
n/v1_0062.jpg
n/v1_0061.jpg
n/v1_0060.jpg
n/v1_0059.jpg
n/v1_0058.jpg
n/v1_0057.jpg
n/v1_0055.jpg
n/v1_0056.jpg
n/v1_0052.jpg
n/v1_0053.jpg
n/v1_0054.jpg
n/v1_0051.jpg
n/v1_0049.jpg
n/v1_0050.jpg
n/v1_0048.jpg
n/v1_0046.jpg
n/v1_0047.jpg
n/v1_0045.jpg
n/v1_0044.jpg
n/v1_0043.jpg
n/v1_0042.jpg
n/v1_0041.jpg
n/v1_0039.jpg
n/v1_0040.jpg
n/v1_0038.jpg
n/v1_0037.jpg
n/v1_0035.jpg
n/v1_0036.jpg
n/v1_0034.jpg
n/v1_0033.jpg
n/v1_0032.jpg
n/v1_0031.jpg
n/v1_0030.jpg
n/v1_0029.jpg
n/v1_0028.jpg
n/v1_0027.jpg
n/v1_0026.jpg
n/v1_0025.jpg
n/v1_0024.jpg
n/v1_0023.jpg
n/v1_0022.jpg
n/v1_0020.jpg
n/v1_0021.jpg
n/v1_0018.jpg
n/v1_0019.jpg
n/v1_0017.jpg
n/v1_0016.jpg
n/v1_0014.jpg
n/v1_0015.jpg
n/v1_0012.jpg
n/v1_0013.jpg
n/v1_0011.jpg
n/v1_0009.jpg
n/v1_0010.jpg
n/v1_0008.jpg
n/v1_0007.jpg
n/v1_0005.jpg
n/v1_0006.jpg
n/v1_0004.jpg
n/v1_0003.jpg
n/v1_0002.jpg
n/v1_0001.jpg
n/15.jpg
n/14.jpg
n/13.jpg
n/12.jpg
n/11.jpg
n/09.jpg
n/10.jpg
n/08.jpg
n/07.jpg
n/06.jpg
n/04.jpg
n/05.jpg
n/03.jpg
n/01.jpg
n/02.jpg