p/NP-Car-4-157-5.jpg 1 0 0 39 22
p/NP-Car-1-0-5.jpg 1 0 0 39 25
p/NP-Car-1-14-4.jpg 1 0 0 40 29
p/NP-Car-2-103-3.jpg 1 0 0 41 24
p/NP-Car-8-72-3.jpg 1 0 0 45 27
p/NP-Car-3-128-5.jpg 1 0 0 45 21
p/NP-Car-4-738-3.jpg 1 0 0 40 24
p/NP-Car-1-87-5.jpg 1 0 0 45 26
p/NP-Car-4-157-4.jpg 1 0 0 39 33
p/NP-Car-4-425-1.jpg 1 0 0 46 25
p/NP-Car-3-270-2.jpg 1 0 0 51 29
p/NP-Car-8-179-1.jpg 1 0 0 50 28
p/NP-Car-4-885-3.jpg 1 0 0 47 30
p/NP-Car-3-238-3.jpg 1 0 0 49 34
p/NP-Car-4-168-3.jpg 1 0 0 52 28
p/NP-Car-2-0-2.jpg 1 0 0 58 27
p/NP-Car-7-158-1.jpg 1 0 0 59 30
p/NP-Car-5-19-3.jpg 1 0 0 50 37
p/NP-Car-4-801-1.jpg 1 0 0 56 32
p/NP-Car-8-140-1.jpg 1 0 0 57 34
p/NP-Car-8-96-1.jpg 1 0 0 58 35
p/NP-Car-3-199-5.jpg 1 0 0 53 39
p/NP-Car-4-727-2.jpg 1 0 0 54 32
p/NP-Car-3-0-0.jpg 1 0 0 55 37
p/NP-Car-4-387-3.jpg 1 0 0 61 32
p/NP-Car-5-78-3.jpg 1 0 0 55 34
p/NP-Car-3-153-2.jpg 1 0 0 62 33
p/NP-Car-8-150-1.jpg 1 0 0 60 48
p/NP-Car-4-708-1.jpg 1 0 0 51 41
p/NP-Car-4-728-4.jpg 1 0 0 57 35
p/NP-Car-4-71-1.jpg 1 0 0 52 45
p/NP-Car-8-352-1.jpg 1 0 0 60 38
p/NP-Car-3-81-3.jpg 1 0 0 65 39
p/NP-Car-5-78-1.jpg 1 0 0 66 38
p/NP-Car-4-594-1.jpg 1 0 0 60 34
p/NP-Car-4-24-3.jpg 1 0 0 59 36
p/NP-Car-3-8-3.jpg 1 0 0 59 43
p/NP-Car-4-522-1.jpg 1 0 0 69 37
p/NP-Car-5-78-5.jpg 1 0 0 59 42
p/NP-Car-1-0-0.jpg 1 0 0 71 43
p/NP-Car-1-87-4.jpg 1 0 0 83 53
p/NP-Car-6-0-3.jpg 1 0 0 65 37
p/NP-Car-8-72-1.jpg 1 0 0 64 35
p/NP-Car-2-25-3.jpg 1 0 0 71 43
p/NP-Car-3-199-1.jpg 1 0 0 67 45
p/NP-Car-4-157-3.jpg 1 0 0 74 34
p/NP-Car-4-325-2.jpg 1 0 0 61 41
p/NP-Car-4-251-1.jpg 1 0 0 68 39
p/NP-Car-7-0-3.jpg 1 0 0 79 47
p/NP-Car-4-223-1.jpg 1 0 0 69 37
p/NP-Car-5-30-3.jpg 1 0 0 71 47
p/NP-Car-4-728-1.jpg 1 0 0 68 41
p/NP-Car-5-10-1.jpg 1 0 0 70 51
p/NP-Car-5-43-1.jpg 1 0 0 69 45
p/NP-Car-4-24-2.jpg 1 0 0 74 41
p/NP-Car-4-857-3.jpg 1 0 0 67 52
p/NP-Car-4-797-1.jpg 1 0 0 70 43
p/NP-Car-7-52-2.jpg 1 0 0 68 49
p/NP-Car-4-682-1.jpg 1 0 0 76 40
p/NP-Car-1-14-3.jpg 1 0 0 87 54
p/NP-Car-1-0-6.jpg 1 0 0 90 64
p/NP-Car-4-885-1.jpg 1 0 0 70 42
p/NP-Car-5-30-1.jpg 1 0 0 68 53
p/NP-Car-1-87-3.jpg 1 0 0 89 53
p/NP-Car-7-0-4.jpg 1 0 0 96 48
p/NP-Car-7-100-2.jpg 1 0 0 86 48
p/NP-Car-4-830-1.jpg 1 0 0 75 45
p/NP-Car-7-312-1.jpg 1 0 0 87 55
p/NP-Car-4-168-2.jpg 1 0 0 74 60
p/NP-Car-1-14-5.jpg 1 0 0 97 68
p/NP-Car-4-853-1.jpg 1 0 0 85 48
p/NP-Car-4-330-1.jpg 1 0 0 75 53
p/NP-Car-7-214-1.jpg 1 0 0 92 57
p/NP-Car-7-100-3.jpg 1 0 0 79 63
p/NP-Car-7-371-0.jpg 1 0 0 96 59
p/NP-Car-7-367-1.jpg 1 0 0 96 60
p/NP-Car-5-19-1.jpg 1 0 0 84 67
p/NP-Car-4-737-1.jpg 1 0 0 93 53
p/NP-Car-4-228-1.jpg 1 0 0 88 53
p/NP-Car-5-4-1.jpg 1 0 0 88 73
p/NP-Car-7-52-3.jpg 1 0 0 103 57
p/NP-Car-7-158-2.jpg 1 0 0 98 52
p/NP-Car-5-114-3.jpg 1 0 0 101 58
p/NP-Car-4-738-1.jpg 1 0 0 102 56
p/NP-Car-7-119-1.jpg 1 0 0 112 70
p/NP-Car-5-114-1.jpg 1 0 0 92 68
p/NP-Car-4-30-2.jpg 1 0 0 104 61
p/NP-Car-4-442-1.jpg 1 0 0 103 57
p/NP-Car-4-396-1.jpg 1 0 0 106 58
p/NP-Car-6-61-0.jpg 1 0 0 192 106
p/NP-Car-4-857-1.jpg 1 0 0 111 63
p/NP-Car-4-838-1.jpg 1 0 0 115 63
p/NP-Car-4-762-1.jpg 1 0 0 108 67
p/NP-Car-6-0-1.jpg 1 0 0 196 102
p/ertret.JPG 1 0 0 34 26
p/1570473142427.jpg 1 0 0 30 14
p/1570473130667.jpg 1 0 0 41 24
p/retretre.JPG 1 0 0 34 21
p/15704dsf7wqeqw0667.jpg 1 0 0 36 21
p/rtrtertert.JPG 1 0 0 35 22
p/157wer0473142427.jpg 1 0 0 33 21
p/ewgwertert.jpg 1 0 0 36 25
p/reeytrytr.JPG 1 0 0 42 28
p/ergwergreg.JPG 1 0 0 39 30
p/retreterter.JPG 1 0 0 37 26
p/rgerthrere.JPG 1 0 0 37 28
p/ewretertet.JPG 1 0 0 38 30
p/erregteryre.JPG 1 0 0 41 29
p/Caewrweqpture.JPG 1 0 0 38 28
p/regrege.JPG 1 0 0 42 25
p/retreterwt.JPG 1 0 0 44 28
p/weqw73142427.jpg 1 0 0 34 27
p/Captwqewe.JPG 1 0 0 34 24
p/Caertertepture.JPG 1 0 0 48 31
p/erterte.JPG 1 0 0 47 29
p/etreterw.JPG 1 0 0 50 31
p/fds.JPG 1 0 0 45 28
p/Cewrweapture.JPG 1 0 0 43 28
p/erweteryretreteryre.JPG 1 0 0 48 34
p/wfwegwee.JPG 1 0 0 49 29
p/Captewrweure.JPG 1 0 0 42 35
p/ergregreg.JPG 1 0 0 51 36
p/wfewfewf.JPG 1 0 0 47 34
p/Captwqeure.JPG 1 0 0 52 36
p/wewq473142427.jpg 1 0 0 47 37
p/rewgewge.JPG 1 0 0 63 41
p/wrqwe42427.jpg 1 0 0 54 27
p/ergreg.JPG 1 0 0 67 40
p/Capturwerwee.JPG 1 0 0 61 34
p/erweteryteryre.JPG 1 0 0 58 35
p/3473142427.jpg 1 0 0 52 37
p/15704dewrww0667.jpg 1 0 0 52 37
p/Caprewewrture.JPG 1 0 0 66 35
p/Captwerweure.JPG 1 0 0 47 44
p/wewdfd0667.jpg 1 0 0 57 33
p/erewq42427.jpg 1 0 0 72 37
p/ewfewfw.JPG 1 0 0 65 38
p/157047313ewr0667.jpg 1 0 0 54 40
p/wrgegrege.JPG 1 0 0 78 40
p/fwefwefg.JPG 1 0 0 69 51
p/Captuweqrwqrre.JPG 1 0 0 70 43
p/15704dsf731306erwe67.jpg 1 0 0 63 44
p/15704dsf7313dfd0667.jpg 1 0 0 85 50
p/Cwqeqwapture.JPG 1 0 0 74 47
p/15704dsf73130667.jpg 1 0 0 157 84